info it worked if it ends with ok
verbose cli [ 'node', '/usr/local/bin/npm', 'publish', 'node-hint' ]
info using npm@1.1.1
info using node@v0.6.7
verbose config file /Users/nathan/.npmrc
verbose config file /usr/local/etc/npmrc
verbose config file /usr/local/lib/node_modules/npm/npmrc
verbose publish [ 'node-hint' ]
verbose cache add [ 'node-hint', null ]
silly cache add: name, spec, args [ undefined, 'node-hint', [ 'node-hint', null ] ]
verbose parsed url { pathname: 'node-hint', path: 'node-hint', href: 'node-hint' }
verbose addNamed [ 'node-hint', '' ]
verbose addNamed [ null, '' ]
silly name, range, hasData [ 'node-hint', '', false ]
verbose raw, before any munging node-hint
verbose url resolving [ 'https://registry.npmjs.org/', './node-hint' ]
verbose url resolved https://registry.npmjs.org/node-hint
http GET https://registry.npmjs.org/node-hint
http 404 https://registry.npmjs.org/node-hint
silly get cb [ 404,
silly get cb   { server: 'CouchDB/1.2.0 (Erlang OTP/R15B)',
silly get cb     date: 'Thu, 15 Mar 2012 02:07:55 GMT',
silly get cb     'content-type': 'application/json',
silly get cb     'content-length': '52',
silly get cb     'cache-control': 'must-revalidate' } ]
ERR! 404 'node-hint' is not in the npm registry.
ERR! 404 You should bug the author to publish it
ERR! 404 Maybe try 'npm search hint'
ERR! 404 Note that you can also install from a
ERR! 404 tarball, folder, or http url, or git url.
ERR! 
ERR! System Darwin 11.3.0
ERR! command "node" "/usr/local/bin/npm" "publish" "node-hint"
ERR! cwd /Users/Nathan/Dev/project/server/node-hint
ERR! node -v v0.6.7
ERR! npm -v 1.1.1
ERR! code E404
ERR! message 404 Not Found: node-hint
ERR! errno {}
verbose exit [ 1, true ]
